<?xml version="1.0" encoding="UTF-8"?>
<!-- Generated by org.testng.reporters.JUnitReportReporter -->
<testsuite skipped="0" hostname="Gautam" name="com.dataDriven.Test.ParameterTest" tests="1" failures="0" timestamp="12 Oct 2018 02:43:23 GMT" time="0.015" errors="0">
  <testcase name="parameter" time="0.015" classname="com.dataDriven.Test.ParameterTest"/>
</testsuite> <!-- com.dataDriven.Test.ParameterTest -->
